<?xml version="1.0" encoding="UTF-8"?>
<!-- Generated by org.testng.reporters.JUnitReportReporter -->
<testsuite hostname="DESKTOP-C9L0CMF" failures="0" tests="1" name="com.qa.testscripts.popup_2" time="15.439" errors="0" timestamp="2021-09-01T23:00:28 IST" skipped="0">
  <testcase classname="com.qa.testscripts.popup_2" name="main" time="15.439"/>
  <system-out/>
</testsuite> <!-- com.qa.testscripts.popup_2 -->
